
> @qa-app/contracts@1.0.0 build /Users/zhaoleon/Desktop/QAapp/packages/contracts
> hardhat compile

Warning: This declaration shadows an existing declaration.
   --> contracts/YieldDistributor.sol:409:9:
    |
409 |         uint256 totalClaimed,
    |         ^^^^^^^^^^^^^^^^^^^^
Note: The shadowed declaration is here:
  --> contracts/YieldDistributor.sol:79:5:
   |
79 |     uint256 public totalClaimed;
   |     ^^^^^^^^^^^^^^^^^^^^^^^^^^^


Generating typings for: 43 artifacts in dir: typechain-types for target: ethers-v6
Successfully generated 130 typings!
Compiled 43 Solidity files successfully (evm target: paris).
 ·------------------------|--------------------------------|--------------------------------·
 |  Solc version: 0.8.24  ·  Optimizer enabled: true       ·  Runs: 200                     │
 ·························|································|·································
 |  Contract Name         ·  Deployed size (KiB) (change)  ·  Initcode size (KiB) (change)  │
 ·························|································|·································
 |  Address               ·                      0.057 ()  ·                      0.085 ()  │
 ·························|································|·································
 |  Arrays                ·                      0.057 ()  ·                      0.085 ()  │
 ·························|································|·································
 |  Comparators           ·                      0.057 ()  ·                      0.085 ()  │
 ·························|································|·································
 |  ERC1155Utils          ·                      0.057 ()  ·                      0.085 ()  │
 ·························|································|·································
 |  ERC1967Utils          ·                      0.057 ()  ·                      0.085 ()  │
 ·························|································|·································
 |  Errors                ·                      0.057 ()  ·                      0.085 ()  │
 ·························|································|·································
 |  Math                  ·                      0.057 ()  ·                      0.085 ()  │
 ·························|································|·································
 |  MockUSDT              ·                      3.636 ()  ·                      4.654 ()  │
 ·························|································|·································
 |  Panic                 ·                      0.057 ()  ·                      0.085 ()  │
 ·························|································|·································
 |  QACard                ·                     16.948 ()  ·                     16.995 ()  │
 ·························|································|·································
 |  SafeCast              ·                      0.057 ()  ·                      0.085 ()  │
 ·························|································|·································
 |  SafeERC20             ·                      0.057 ()  ·                      0.085 ()  │
 ·························|································|·································
 |  SlotDerivation        ·                      0.057 ()  ·                      0.085 ()  │
 ·························|································|·································
 |  StorageSlot           ·                      0.057 ()  ·                      0.085 ()  │
 ·························|································|·································
 |  Treasury              ·                     15.344 ()  ·                     15.391 ()  │
 ·························|································|·································
 |  YieldDistributor      ·                      9.869 ()  ·                      9.912 ()  │
 ·------------------------|--------------------------------|--------------------------------·
