
> @qa-app/web@1.0.0 build /Users/zhaoleon/Downloads/QAAPP/apps/web
> next build

   ▲ Next.js 15.5.0
   - Environments: .env.local, .env
   - Experiments (use with caution):
     · optimizePackageImports

   Creating an optimized production build ...
 ✓ Compiled successfully in 6.7s
   Skipping validation of types
   Linting ...
 ⨯ ESLint: Failed to load config "@typescript-eslint/recommended" to extend from. Referenced from: /Users/zhaoleon/Downloads/QAAPP/.eslintrc.js
   Collecting page data ...
   Generating static pages (0/40) ...
ReferenceError: indexedDB is not defined
    at <unknown> (.next/server/chunks/2888.js:60:34785)
    at <unknown> (.next/server/chunks/2888.js:60:34915)
    at u (.next/server/chunks/2888.js:60:35047)
    at getItem (.next/server/chunks/2888.js:60:40930)
    at j (.next/server/chunks/2888.js:60:33877)
    at Object.getItem (.next/server/chunks/2888.js:60:36648)
    at w.getItem (.next/server/chunks/2888.js:60:41772)
    at B (.next/server/chunks/2888.js:60:43139)
    at new D (.next/server/chunks/2888.js:60:43716)
    at new gF (.next/server/chunks/2888.js:10:91778)
ReferenceError: indexedDB is not defined
    at <unknown> (.next/server/chunks/2888.js:60:34785)
    at <unknown> (.next/server/chunks/2888.js:60:34915)
    at u (.next/server/chunks/2888.js:60:35047)
    at getItem (.next/server/chunks/2888.js:60:40930)
    at j (.next/server/chunks/2888.js:60:33877)
    at Object.getItem (.next/server/chunks/2888.js:60:36648)
    at w.getItem (.next/server/chunks/2888.js:60:41772)
    at B (.next/server/chunks/2888.js:60:43139)
    at new D (.next/server/chunks/2888.js:60:43716)
    at new gF (.next/server/chunks/2888.js:10:91778)
   Generating static pages (10/40) 
ReferenceError: indexedDB is not defined
    at <unknown> (.next/server/chunks/2888.js:60:34785)
    at <unknown> (.next/server/chunks/2888.js:60:34915)
    at u (.next/server/chunks/2888.js:60:35047)
    at getItem (.next/server/chunks/2888.js:60:40930)
    at j (.next/server/chunks/2888.js:60:33877)
    at Object.getItem (.next/server/chunks/2888.js:60:36648)
    at w.getItem (.next/server/chunks/2888.js:60:41772)
    at B (.next/server/chunks/2888.js:60:43139)
    at new D (.next/server/chunks/2888.js:60:43716)
    at new gF (.next/server/chunks/2888.js:10:91778)
ReferenceError: indexedDB is not defined
    at <unknown> (.next/server/chunks/2888.js:60:34785)
    at <unknown> (.next/server/chunks/2888.js:60:34915)
    at u (.next/server/chunks/2888.js:60:35047)
    at getItem (.next/server/chunks/2888.js:60:40930)
    at j (.next/server/chunks/2888.js:60:33877)
    at Object.getItem (.next/server/chunks/2888.js:60:36648)
    at w.getItem (.next/server/chunks/2888.js:60:41772)
    at B (.next/server/chunks/2888.js:60:43139)
    at new D (.next/server/chunks/2888.js:60:43716)
    at new gF (.next/server/chunks/2888.js:10:91778)
   Generating static pages (20/40) 
   Generating static pages (30/40) 
 ✓ Generating static pages (40/40)
   Finalizing page optimization ...
   Collecting build traces ...

Route (app)                                Size  First Load JS
┌ ƒ /                                   8.64 kB        1.68 MB
├ ƒ /_not-found                           190 B        1.18 MB
├ ƒ /admin                              2.75 kB        1.68 MB
├ ƒ /admin/agents                       5.97 kB        1.68 MB
├ ƒ /admin/audit-logs                   8.84 kB        1.69 MB
├ ƒ /admin/business-metrics             6.11 kB        1.68 MB
├ ƒ /admin/commissions                  5.46 kB         1.2 MB
├ ƒ /admin/compliance                   5.97 kB        1.68 MB
├ ƒ /admin/kyc-review                   4.07 kB        1.68 MB
├ ƒ /admin/logs                          7.3 kB        1.68 MB
├ ƒ /admin/notifications                5.58 kB        1.68 MB
├ ƒ /admin/orders                       5.71 kB        1.68 MB
├ ƒ /admin/performance                  5.35 kB        1.68 MB
├ ƒ /admin/permissions                  4.47 kB        1.68 MB
├ ƒ /admin/products                     4.04 kB        1.64 MB
├ ƒ /admin/reports                      5.32 kB        1.68 MB
├ ƒ /admin/risk-assessment              6.07 kB        1.68 MB
├ ƒ /admin/settings                     5.09 kB         1.2 MB
├ ƒ /admin/system                       3.58 kB        1.68 MB
├ ƒ /admin/system-audit                 4.81 kB        1.68 MB
├ ƒ /admin/user-audit                   4.58 kB        1.68 MB
├ ƒ /admin/users                        4.18 kB        1.68 MB
├ ƒ /admin/withdrawals                  4.18 kB        1.64 MB
├ ƒ /auth/login                         2.65 kB        1.68 MB
├ ƒ /auth/register                      4.93 kB        1.68 MB
├ ƒ /dashboard                          4.65 kB        1.69 MB
├ ƒ /dashboard/activity                 5.58 kB        1.68 MB
├ ƒ /dashboard/commissions              6.61 kB        1.69 MB
├ ƒ /dashboard/earnings                   905 B        1.68 MB
├ ƒ /dashboard/notifications            5.76 kB        1.68 MB
├ ƒ /dashboard/profile                  6.53 kB        1.68 MB
├ ƒ /dashboard/reports                  6.12 kB        1.68 MB
├ ƒ /dashboard/transactions             5.47 kB        1.68 MB
├ ƒ /dashboard/wallets                  2.99 kB        1.68 MB
├ ƒ /products                           4.96 kB        1.68 MB
├ ƒ /products/[type]                    6.55 kB        1.69 MB
├ ƒ /referral                           5.33 kB        1.68 MB
├ ƒ /test-enhanced                      7.17 kB        1.64 MB
└ ƒ /withdrawals                        5.88 kB         1.2 MB
+ First Load JS shared by all           1.18 MB
  └ chunks/vendors-ed25c40b66c318db.js  1.18 MB
  └ other shared chunks (total)         2.06 kB


ƒ  (Dynamic)  server-rendered on demand

