2025-09-06T13:13:25: 
2025-09-06T13:13:25: > @qa-app/web@1.0.0 start
2025-09-06T13:13:25: > next start
2025-09-06T13:13:25: 
2025-09-06T13:13:25:    ▲ Next.js 15.5.0
2025-09-06T13:13:25:    - Local:        http://localhost:3002
2025-09-06T13:13:25:    - Network:      http://127.0.2.2:3002
2025-09-06T13:13:25: 
2025-09-06T13:13:25:  ✓ Starting...
2025-09-06T13:13:25:  ✓ Ready in 159ms
2025-09-07T00:05:21: 
2025-09-07T00:05:21: > @qa-app/web@1.0.0 start
2025-09-07T00:05:21: > next start
2025-09-07T00:05:21: 
2025-09-07T00:05:22:    ▲ Next.js 15.5.0
2025-09-07T00:05:22:    - Local:        http://localhost:3002
2025-09-07T00:05:22:    - Network:      http://127.0.2.2:3002
2025-09-07T00:05:22: 
2025-09-07T00:05:22:  ✓ Starting...
2025-09-07T00:05:22: 
2025-09-07T00:05:22: > @qa-app/web@1.0.0 start
2025-09-07T00:05:22: > next start
2025-09-07T00:05:22: 
2025-09-07T00:05:22:    ▲ Next.js 15.5.0
2025-09-07T00:05:22:    - Local:        http://localhost:3002
2025-09-07T00:05:22:    - Network:      http://127.0.2.2:3002
2025-09-07T00:05:22: 
2025-09-07T00:05:22:  ✓ Starting...
2025-09-07T00:05:22: 
2025-09-07T00:05:22: > @qa-app/web@1.0.0 start
2025-09-07T00:05:22: > next start
2025-09-07T00:05:22: 
2025-09-07T00:05:22:    ▲ Next.js 15.5.0
2025-09-07T00:05:22:    - Local:        http://localhost:3002
2025-09-07T00:05:22:    - Network:      http://127.0.2.2:3002
2025-09-07T00:05:22: 
2025-09-07T00:05:22:  ✓ Starting...
2025-09-07T00:05:22: 
2025-09-07T00:05:22: > @qa-app/web@1.0.0 start
2025-09-07T00:05:22: > next start
2025-09-07T00:05:22: 
2025-09-07T00:05:23:    ▲ Next.js 15.5.0
2025-09-07T00:05:23:    - Local:        http://localhost:3002
2025-09-07T00:05:23:    - Network:      http://127.0.2.2:3002
2025-09-07T00:05:23: 
2025-09-07T00:05:23:  ✓ Starting...
2025-09-07T00:05:23: 
2025-09-07T00:05:23: > @qa-app/web@1.0.0 start
2025-09-07T00:05:23: > next start
2025-09-07T00:05:23: 
2025-09-07T00:05:23:    ▲ Next.js 15.5.0
2025-09-07T00:05:23:    - Local:        http://localhost:3002
2025-09-07T00:05:23:    - Network:      http://127.0.2.2:3002
2025-09-07T00:05:23: 
2025-09-07T00:05:23:  ✓ Starting...
2025-09-07T00:54:40: 
2025-09-07T00:54:40: > @qa-app/web@1.0.0 start
2025-09-07T00:54:40: > next start
2025-09-07T00:54:40: 
2025-09-07T00:54:40:    ▲ Next.js 15.5.0
2025-09-07T00:54:40:    - Local:        http://localhost:3002
2025-09-07T00:54:40:    - Network:      http://127.0.2.2:3002
2025-09-07T00:54:40: 
2025-09-07T00:54:40:  ✓ Starting...
2025-09-07T00:54:40:  ✓ Ready in 165ms
2025-09-07T01:48:35: 
2025-09-07T01:48:35: > @qa-app/web@1.0.0 start
2025-09-07T01:48:35: > next start
2025-09-07T01:48:35: 
2025-09-07T01:48:35:    ▲ Next.js 15.5.0
2025-09-07T01:48:35:    - Local:        http://localhost:3002
2025-09-07T01:48:35:    - Network:      http://127.0.2.2:3002
2025-09-07T01:48:35: 
2025-09-07T01:48:35:  ✓ Starting...
2025-09-07T01:48:35: 
2025-09-07T01:48:35: > @qa-app/web@1.0.0 start
2025-09-07T01:48:35: > next start
2025-09-07T01:48:35: 
2025-09-07T01:48:35:    ▲ Next.js 15.5.0
2025-09-07T01:48:35:    - Local:        http://localhost:3002
2025-09-07T01:48:35:    - Network:      http://127.0.2.2:3002
2025-09-07T01:48:35: 
2025-09-07T01:48:35:  ✓ Starting...
2025-09-07T01:48:35: 
2025-09-07T01:48:35: > @qa-app/web@1.0.0 start
2025-09-07T01:48:35: > next start
2025-09-07T01:48:35: 
2025-09-07T01:48:35:    ▲ Next.js 15.5.0
2025-09-07T01:48:35:    - Local:        http://localhost:3002
2025-09-07T01:48:35:    - Network:      http://127.0.2.2:3002
2025-09-07T01:48:35: 
2025-09-07T01:48:35:  ✓ Starting...
2025-09-07T01:48:35: 
2025-09-07T01:48:35: > @qa-app/web@1.0.0 start
2025-09-07T01:48:35: > next start
2025-09-07T01:48:35: 
2025-09-07T01:48:36:    ▲ Next.js 15.5.0
2025-09-07T01:48:36:    - Local:        http://localhost:3002
2025-09-07T01:48:36:    - Network:      http://127.0.2.2:3002
2025-09-07T01:48:36: 
2025-09-07T01:48:36:  ✓ Starting...
2025-09-07T01:48:36: 
2025-09-07T01:48:36: > @qa-app/web@1.0.0 start
2025-09-07T01:48:36: > next start
2025-09-07T01:48:36: 
2025-09-07T01:48:36:    ▲ Next.js 15.5.0
2025-09-07T01:48:36:    - Local:        http://localhost:3002
2025-09-07T01:48:36:    - Network:      http://127.0.2.2:3002
2025-09-07T01:48:36: 
2025-09-07T01:48:36:  ✓ Starting...
2025-09-07T01:52:57: 
2025-09-07T01:52:57: > @qa-app/web@1.0.0 start
2025-09-07T01:52:57: > next start
2025-09-07T01:52:57: 
2025-09-07T01:52:57:    ▲ Next.js 15.5.0
2025-09-07T01:52:57:    - Local:        http://localhost:3002
2025-09-07T01:52:57:    - Network:      http://127.0.2.2:3002
2025-09-07T01:52:57: 
2025-09-07T01:52:57:  ✓ Starting...
2025-09-07T01:52:57:  ✓ Ready in 137ms
2025-09-07T13:27:56: Unknown command: "dist/standalone/server.js"
2025-09-07T13:27:56: 
2025-09-07T13:27:56: To see a list of supported npm commands, run:
2025-09-07T13:27:56:   npm help
2025-09-07T13:27:56: Unknown command: "dist/standalone/server.js"
2025-09-07T13:27:56: 
2025-09-07T13:27:56: To see a list of supported npm commands, run:
2025-09-07T13:27:56:   npm help
2025-09-07T13:27:56: Unknown command: "dist/standalone/server.js"
2025-09-07T13:27:56: 
2025-09-07T13:27:56: To see a list of supported npm commands, run:
2025-09-07T13:27:56:   npm help
2025-09-07T13:27:57: Unknown command: "dist/standalone/server.js"
2025-09-07T13:27:57: 
2025-09-07T13:27:57: To see a list of supported npm commands, run:
2025-09-07T13:27:57:   npm help
2025-09-07T13:27:57: Unknown command: "dist/standalone/server.js"
2025-09-07T13:27:57: 
2025-09-07T13:27:57: To see a list of supported npm commands, run:
2025-09-07T13:27:57:   npm help
