2025-09-07T13:32:05: node:internal/modules/cjs/loader:1372
2025-09-07T13:32:05:   throw err;
2025-09-07T13:32:05:   ^
2025-09-07T13:32:05: 
2025-09-07T13:32:05: Error: Cannot find module '/Users/zhaoleon/Desktop/QAapp/apps/web/dist/standalone/server.js'
2025-09-07T13:32:05:     at Module._resolveFilename (node:internal/modules/cjs/loader:1369:15)
2025-09-07T13:32:05:     at defaultResolveImpl (node:internal/modules/cjs/loader:1025:19)
2025-09-07T13:32:05:     at resolveForCJSWithHooks (node:internal/modules/cjs/loader:1030:22)
2025-09-07T13:32:05:     at Module._load (node:internal/modules/cjs/loader:1179:37)
2025-09-07T13:32:05:     at TracingChannel.traceSync (node:diagnostics_channel:322:14)
2025-09-07T13:32:05:     at wrapModuleLoad (node:internal/modules/cjs/loader:235:24)
2025-09-07T13:32:05:     at Module.executeUserEntryPoint [as runMain] (node:internal/modules/run_main:152:5)
2025-09-07T13:32:05:     at node:internal/main/run_main_module:33:47 {
2025-09-07T13:32:05:   code: 'MODULE_NOT_FOUND',
2025-09-07T13:32:05:   requireStack: []
2025-09-07T13:32:05: }
2025-09-07T13:32:05: 
2025-09-07T13:32:05: Node.js v24.4.0
2025-09-07T13:32:05: node:internal/modules/cjs/loader:1372
2025-09-07T13:32:05:   throw err;
2025-09-07T13:32:05:   ^
2025-09-07T13:32:05: 
2025-09-07T13:32:05: Error: Cannot find module '/Users/zhaoleon/Desktop/QAapp/apps/web/dist/standalone/server.js'
2025-09-07T13:32:05:     at Module._resolveFilename (node:internal/modules/cjs/loader:1369:15)
2025-09-07T13:32:05:     at defaultResolveImpl (node:internal/modules/cjs/loader:1025:19)
2025-09-07T13:32:05:     at resolveForCJSWithHooks (node:internal/modules/cjs/loader:1030:22)
2025-09-07T13:32:05:     at Module._load (node:internal/modules/cjs/loader:1179:37)
2025-09-07T13:32:05:     at TracingChannel.traceSync (node:diagnostics_channel:322:14)
2025-09-07T13:32:05:     at wrapModuleLoad (node:internal/modules/cjs/loader:235:24)
2025-09-07T13:32:05:     at Module.executeUserEntryPoint [as runMain] (node:internal/modules/run_main:152:5)
2025-09-07T13:32:05:     at node:internal/main/run_main_module:33:47 {
2025-09-07T13:32:05:   code: 'MODULE_NOT_FOUND',
2025-09-07T13:32:05:   requireStack: []
2025-09-07T13:32:05: }
2025-09-07T13:32:05: 
2025-09-07T13:32:05: Node.js v24.4.0
2025-09-07T13:32:05: node:internal/modules/cjs/loader:1372
2025-09-07T13:32:05:   throw err;
2025-09-07T13:32:05:   ^
2025-09-07T13:32:05: 
2025-09-07T13:32:05: Error: Cannot find module '/Users/zhaoleon/Desktop/QAapp/apps/web/dist/standalone/server.js'
2025-09-07T13:32:05:     at Module._resolveFilename (node:internal/modules/cjs/loader:1369:15)
2025-09-07T13:32:05:     at defaultResolveImpl (node:internal/modules/cjs/loader:1025:19)
2025-09-07T13:32:05:     at resolveForCJSWithHooks (node:internal/modules/cjs/loader:1030:22)
2025-09-07T13:32:05:     at Module._load (node:internal/modules/cjs/loader:1179:37)
2025-09-07T13:32:05:     at TracingChannel.traceSync (node:diagnostics_channel:322:14)
2025-09-07T13:32:05:     at wrapModuleLoad (node:internal/modules/cjs/loader:235:24)
2025-09-07T13:32:05:     at Module.executeUserEntryPoint [as runMain] (node:internal/modules/run_main:152:5)
2025-09-07T13:32:05:     at node:internal/main/run_main_module:33:47 {
2025-09-07T13:32:05:   code: 'MODULE_NOT_FOUND',
2025-09-07T13:32:05:   requireStack: []
2025-09-07T13:32:05: }
2025-09-07T13:32:05: 
2025-09-07T13:32:05: Node.js v24.4.0
2025-09-07T13:32:05: node:internal/modules/cjs/loader:1372
2025-09-07T13:32:05:   throw err;
2025-09-07T13:32:05:   ^
2025-09-07T13:32:05: 
2025-09-07T13:32:05: Error: Cannot find module '/Users/zhaoleon/Desktop/QAapp/apps/web/dist/standalone/server.js'
2025-09-07T13:32:05:     at Module._resolveFilename (node:internal/modules/cjs/loader:1369:15)
2025-09-07T13:32:05:     at defaultResolveImpl (node:internal/modules/cjs/loader:1025:19)
2025-09-07T13:32:05:     at resolveForCJSWithHooks (node:internal/modules/cjs/loader:1030:22)
2025-09-07T13:32:05:     at Module._load (node:internal/modules/cjs/loader:1179:37)
2025-09-07T13:32:05:     at TracingChannel.traceSync (node:diagnostics_channel:322:14)
2025-09-07T13:32:05:     at wrapModuleLoad (node:internal/modules/cjs/loader:235:24)
2025-09-07T13:32:05:     at Module.executeUserEntryPoint [as runMain] (node:internal/modules/run_main:152:5)
2025-09-07T13:32:05:     at node:internal/main/run_main_module:33:47 {
2025-09-07T13:32:05:   code: 'MODULE_NOT_FOUND',
2025-09-07T13:32:05:   requireStack: []
2025-09-07T13:32:05: }
2025-09-07T13:32:05: 
2025-09-07T13:32:05: Node.js v24.4.0
2025-09-07T13:32:05: node:internal/modules/cjs/loader:1372
2025-09-07T13:32:05:   throw err;
2025-09-07T13:32:05:   ^
2025-09-07T13:32:05: 
2025-09-07T13:32:05: Error: Cannot find module '/Users/zhaoleon/Desktop/QAapp/apps/web/dist/standalone/server.js'
2025-09-07T13:32:05:     at Module._resolveFilename (node:internal/modules/cjs/loader:1369:15)
2025-09-07T13:32:05:     at defaultResolveImpl (node:internal/modules/cjs/loader:1025:19)
2025-09-07T13:32:05:     at resolveForCJSWithHooks (node:internal/modules/cjs/loader:1030:22)
2025-09-07T13:32:05:     at Module._load (node:internal/modules/cjs/loader:1179:37)
2025-09-07T13:32:05:     at TracingChannel.traceSync (node:diagnostics_channel:322:14)
2025-09-07T13:32:05:     at wrapModuleLoad (node:internal/modules/cjs/loader:235:24)
2025-09-07T13:32:05:     at Module.executeUserEntryPoint [as runMain] (node:internal/modules/run_main:152:5)
2025-09-07T13:32:05:     at node:internal/main/run_main_module:33:47 {
2025-09-07T13:32:05:   code: 'MODULE_NOT_FOUND',
2025-09-07T13:32:05:   requireStack: []
2025-09-07T13:32:05: }
2025-09-07T13:32:05: 
2025-09-07T13:32:05: Node.js v24.4.0
2025-09-07T13:33:10:  ⨯ Failed to start server
2025-09-07T13:33:10: Error: listen EADDRINUSE: address already in use 0.0.0.0:3000
2025-09-07T13:33:10:     at <unknown> (Error: listen EADDRINUSE: address already in use 0.0.0.0:3000) {
2025-09-07T13:33:10:   code: 'EADDRINUSE',
2025-09-07T13:33:10:   errno: -48,
2025-09-07T13:33:10:   syscall: 'listen',
2025-09-07T13:33:10:   address: '0.0.0.0',
2025-09-07T13:33:10:   port: 3000
2025-09-07T13:33:10: }
2025-09-07T13:33:10:  ⨯ Failed to start server
2025-09-07T13:33:10: Error: listen EADDRINUSE: address already in use 0.0.0.0:3000
2025-09-07T13:33:10:     at <unknown> (Error: listen EADDRINUSE: address already in use 0.0.0.0:3000) {
2025-09-07T13:33:10:   code: 'EADDRINUSE',
2025-09-07T13:33:10:   errno: -48,
2025-09-07T13:33:10:   syscall: 'listen',
2025-09-07T13:33:10:   address: '0.0.0.0',
2025-09-07T13:33:10:   port: 3000
2025-09-07T13:33:10: }
2025-09-07T13:33:10:  ⨯ Failed to start server
2025-09-07T13:33:10: Error: listen EADDRINUSE: address already in use 0.0.0.0:3000
2025-09-07T13:33:10:     at <unknown> (Error: listen EADDRINUSE: address already in use 0.0.0.0:3000) {
2025-09-07T13:33:10:   code: 'EADDRINUSE',
2025-09-07T13:33:10:   errno: -48,
2025-09-07T13:33:10:   syscall: 'listen',
2025-09-07T13:33:10:   address: '0.0.0.0',
2025-09-07T13:33:10:   port: 3000
2025-09-07T13:33:10: }
2025-09-07T13:33:10:  ⨯ Failed to start server
2025-09-07T13:33:10: Error: listen EADDRINUSE: address already in use 0.0.0.0:3000
2025-09-07T13:33:10:     at <unknown> (Error: listen EADDRINUSE: address already in use 0.0.0.0:3000) {
2025-09-07T13:33:10:   code: 'EADDRINUSE',
2025-09-07T13:33:10:   errno: -48,
2025-09-07T13:33:10:   syscall: 'listen',
2025-09-07T13:33:10:   address: '0.0.0.0',
2025-09-07T13:33:10:   port: 3000
2025-09-07T13:33:10: }
2025-09-07T13:33:10:  ⨯ Failed to start server
2025-09-07T13:33:10: Error: listen EADDRINUSE: address already in use 0.0.0.0:3000
2025-09-07T13:33:10:     at <unknown> (Error: listen EADDRINUSE: address already in use 0.0.0.0:3000) {
2025-09-07T13:33:10:   code: 'EADDRINUSE',
2025-09-07T13:33:10:   errno: -48,
2025-09-07T13:33:10:   syscall: 'listen',
2025-09-07T13:33:10:   address: '0.0.0.0',
2025-09-07T13:33:10:   port: 3000
2025-09-07T13:33:10: }
2025-09-07T13:35:45:  ⨯ Failed to start server
2025-09-07T13:35:45: Error: listen EADDRINUSE: address already in use 0.0.0.0:3000
2025-09-07T13:35:45:     at <unknown> (Error: listen EADDRINUSE: address already in use 0.0.0.0:3000) {
2025-09-07T13:35:45:   code: 'EADDRINUSE',
2025-09-07T13:35:45:   errno: -48,
2025-09-07T13:35:45:   syscall: 'listen',
2025-09-07T13:35:45:   address: '0.0.0.0',
2025-09-07T13:35:45:   port: 3000
2025-09-07T13:35:45: }
2025-09-07T13:35:45:  ⨯ Failed to start server
2025-09-07T13:35:45: Error: listen EADDRINUSE: address already in use 0.0.0.0:3000
2025-09-07T13:35:45:     at <unknown> (Error: listen EADDRINUSE: address already in use 0.0.0.0:3000) {
2025-09-07T13:35:45:   code: 'EADDRINUSE',
2025-09-07T13:35:45:   errno: -48,
2025-09-07T13:35:45:   syscall: 'listen',
2025-09-07T13:35:45:   address: '0.0.0.0',
2025-09-07T13:35:45:   port: 3000
2025-09-07T13:35:45: }
2025-09-07T13:35:45:  ⨯ Failed to start server
2025-09-07T13:35:45: Error: listen EADDRINUSE: address already in use 0.0.0.0:3000
2025-09-07T13:35:45:     at <unknown> (Error: listen EADDRINUSE: address already in use 0.0.0.0:3000) {
2025-09-07T13:35:45:   code: 'EADDRINUSE',
2025-09-07T13:35:45:   errno: -48,
2025-09-07T13:35:45:   syscall: 'listen',
2025-09-07T13:35:45:   address: '0.0.0.0',
2025-09-07T13:35:45:   port: 3000
2025-09-07T13:35:45: }
2025-09-07T13:35:45:  ⨯ Failed to start server
2025-09-07T13:35:45: Error: listen EADDRINUSE: address already in use 0.0.0.0:3000
2025-09-07T13:35:45:     at <unknown> (Error: listen EADDRINUSE: address already in use 0.0.0.0:3000) {
2025-09-07T13:35:45:   code: 'EADDRINUSE',
2025-09-07T13:35:45:   errno: -48,
2025-09-07T13:35:45:   syscall: 'listen',
2025-09-07T13:35:45:   address: '0.0.0.0',
2025-09-07T13:35:45:   port: 3000
2025-09-07T13:35:45: }
2025-09-07T13:35:45:  ⨯ Failed to start server
2025-09-07T13:35:45: Error: listen EADDRINUSE: address already in use 0.0.0.0:3000
2025-09-07T13:35:45:     at <unknown> (Error: listen EADDRINUSE: address already in use 0.0.0.0:3000) {
2025-09-07T13:35:45:   code: 'EADDRINUSE',
2025-09-07T13:35:45:   errno: -48,
2025-09-07T13:35:45:   syscall: 'listen',
2025-09-07T13:35:45:   address: '0.0.0.0',
2025-09-07T13:35:45:   port: 3000
2025-09-07T13:35:45: }
